2024-12-26 04:42:16,906 INFO Set uid to user 33 succeeded
2024-12-26 04:42:16,911 INFO supervisord started with pid 147
2024-12-26 04:42:17,914 INFO spawned: 'php8-fpm' with pid 148
2024-12-26 04:42:17,917 INFO spawned: 'laravel-schedule_00' with pid 149
2024-12-26 04:42:17,920 INFO spawned: 'laravel-queue_00' with pid 150
2024-12-26 04:42:19,849 INFO success: php8-fpm entered RUNNING state, process has stayed up for > than 1 seconds (startsecs)
2024-12-26 04:42:19,850 INFO success: laravel-schedule_00 entered RUNNING state, process has stayed up for > than 1 seconds (startsecs)
2024-12-26 04:42:19,851 INFO success: laravel-queue_00 entered RUNNING state, process has stayed up for > than 1 seconds (startsecs)
2024-12-26 04:58:01,818 INFO Set uid to user 33 succeeded
2024-12-26 04:58:01,827 INFO supervisord started with pid 77
2024-12-26 04:58:02,831 INFO spawned: 'php8-fpm' with pid 78
2024-12-26 04:58:02,834 INFO spawned: 'laravel-schedule_00' with pid 79
2024-12-26 04:58:02,837 INFO spawned: 'laravel-queue_00' with pid 80
2024-12-26 04:58:04,616 INFO success: php8-fpm entered RUNNING state, process has stayed up for > than 1 seconds (startsecs)
2024-12-26 04:58:04,618 INFO success: laravel-schedule_00 entered RUNNING state, process has stayed up for > than 1 seconds (startsecs)
2024-12-26 04:58:04,620 INFO success: laravel-queue_00 entered RUNNING state, process has stayed up for > than 1 seconds (startsecs)
2024-12-26 05:10:57,398 INFO Set uid to user 33 succeeded
2024-12-26 05:10:57,404 INFO supervisord started with pid 110
2024-12-26 05:10:58,408 INFO spawned: 'php8-fpm' with pid 111
2024-12-26 05:10:58,411 INFO spawned: 'laravel-schedule_00' with pid 112
2024-12-26 05:10:58,414 INFO spawned: 'laravel-queue_00' with pid 113
2024-12-26 05:10:59,463 INFO success: php8-fpm entered RUNNING state, process has stayed up for > than 1 seconds (startsecs)
2024-12-26 05:10:59,463 INFO success: laravel-schedule_00 entered RUNNING state, process has stayed up for > than 1 seconds (startsecs)
2024-12-26 05:10:59,464 INFO success: laravel-queue_00 entered RUNNING state, process has stayed up for > than 1 seconds (startsecs)
2024-12-26 05:10:59,482 WARN exited: laravel-queue_00 (exit status 1; not expected)
2024-12-26 05:11:00,486 INFO spawned: 'laravel-queue_00' with pid 124
2024-12-26 05:11:01,636 INFO success: laravel-queue_00 entered RUNNING state, process has stayed up for > than 1 seconds (startsecs)
2024-12-26 05:11:01,668 WARN exited: laravel-queue_00 (exit status 1; not expected)
2024-12-26 05:11:02,672 INFO spawned: 'laravel-queue_00' with pid 131
2024-12-26 05:11:03,470 WARN exited: laravel-queue_00 (exit status 1; not expected)
2024-12-26 05:11:04,476 INFO spawned: 'laravel-queue_00' with pid 136
2024-12-26 05:11:05,268 WARN exited: laravel-queue_00 (exit status 1; not expected)
2024-12-26 05:11:07,276 INFO spawned: 'laravel-queue_00' with pid 141
2024-12-26 05:11:08,048 WARN exited: laravel-queue_00 (exit status 1; not expected)
2024-12-26 05:11:11,058 INFO spawned: 'laravel-queue_00' with pid 146
2024-12-26 05:11:11,886 WARN exited: laravel-queue_00 (exit status 1; not expected)
2024-12-26 05:11:12,890 INFO gave up: laravel-queue_00 entered FATAL state, too many start retries too quickly
2024-12-27 12:04:17,759 WARN exited: laravel-schedule_00 (exit status 1; not expected)
2024-12-27 12:04:19,396 INFO spawned: 'laravel-schedule_00' with pid 1656
2024-12-27 12:04:20,403 INFO success: laravel-schedule_00 entered RUNNING state, process has stayed up for > than 1 seconds (startsecs)
2025-04-21 08:00:23,480 INFO Set uid to user 33 succeeded
2025-04-21 08:00:23,490 INFO supervisord started with pid 72
2025-04-21 08:00:24,496 INFO spawned: 'php8-fpm' with pid 73
2025-04-21 08:00:24,503 INFO spawned: 'laravel-schedule_00' with pid 74
2025-04-21 08:00:24,509 INFO spawned: 'laravel-queue_00' with pid 75
2025-04-21 08:00:25,577 INFO success: php8-fpm entered RUNNING state, process has stayed up for > than 1 seconds (startsecs)
2025-04-21 08:00:25,578 INFO success: laravel-schedule_00 entered RUNNING state, process has stayed up for > than 1 seconds (startsecs)
2025-04-21 08:00:25,579 INFO success: laravel-queue_00 entered RUNNING state, process has stayed up for > than 1 seconds (startsecs)
2025-04-21 08:00:25,588 WARN exited: laravel-queue_00 (exit status 1; not expected)
2025-04-21 08:00:26,593 INFO spawned: 'laravel-queue_00' with pid 84
2025-04-21 08:00:27,548 WARN exited: laravel-queue_00 (exit status 1; not expected)
2025-04-21 08:00:28,556 INFO spawned: 'laravel-queue_00' with pid 89
2025-04-21 08:00:29,475 WARN exited: laravel-queue_00 (exit status 1; not expected)
2025-04-21 08:00:31,484 INFO spawned: 'laravel-queue_00' with pid 94
2025-04-21 08:00:32,328 WARN exited: laravel-queue_00 (exit status 1; not expected)
2025-04-21 08:00:35,339 INFO spawned: 'laravel-queue_00' with pid 99
2025-04-21 08:00:36,306 WARN exited: laravel-queue_00 (exit status 1; not expected)
2025-04-21 08:00:37,308 INFO gave up: laravel-queue_00 entered FATAL state, too many start retries too quickly
2025-04-21 08:15:50,633 INFO Set uid to user 33 succeeded
2025-04-21 08:15:50,637 INFO supervisord started with pid 72
2025-04-21 08:15:51,643 INFO spawned: 'php8-fpm' with pid 73
2025-04-21 08:15:51,649 INFO spawned: 'laravel-schedule_00' with pid 74
2025-04-21 08:15:51,654 INFO spawned: 'laravel-queue_00' with pid 75
2025-04-21 08:15:52,588 WARN exited: laravel-queue_00 (exit status 1; not expected)
2025-04-21 08:15:53,590 INFO success: php8-fpm entered RUNNING state, process has stayed up for > than 1 seconds (startsecs)
2025-04-21 08:15:53,591 INFO success: laravel-schedule_00 entered RUNNING state, process has stayed up for > than 1 seconds (startsecs)
2025-04-21 08:15:53,593 INFO spawned: 'laravel-queue_00' with pid 84
2025-04-21 08:15:54,596 INFO success: laravel-queue_00 entered RUNNING state, process has stayed up for > than 1 seconds (startsecs)
2025-04-21 08:15:54,883 WARN exited: laravel-queue_00 (exit status 1; not expected)
2025-04-21 08:15:55,887 INFO spawned: 'laravel-queue_00' with pid 89
2025-04-21 08:15:56,804 WARN exited: laravel-queue_00 (exit status 1; not expected)
2025-04-21 08:15:57,811 INFO spawned: 'laravel-queue_00' with pid 94
2025-04-21 08:15:58,801 WARN exited: laravel-queue_00 (exit status 1; not expected)
2025-04-21 08:16:00,806 INFO spawned: 'laravel-queue_00' with pid 101
2025-04-21 08:16:01,816 INFO success: laravel-queue_00 entered RUNNING state, process has stayed up for > than 1 seconds (startsecs)
2025-04-21 08:16:01,831 WARN exited: laravel-queue_00 (exit status 1; not expected)
2025-04-21 08:16:02,835 INFO spawned: 'laravel-queue_00' with pid 108
2025-04-21 08:16:03,838 INFO success: laravel-queue_00 entered RUNNING state, process has stayed up for > than 1 seconds (startsecs)
2025-04-21 08:16:03,858 WARN exited: laravel-queue_00 (exit status 1; not expected)
2025-04-21 08:16:04,865 INFO spawned: 'laravel-queue_00' with pid 113
2025-04-21 08:16:05,789 WARN exited: laravel-queue_00 (exit status 1; not expected)
2025-04-21 08:16:06,796 INFO spawned: 'laravel-queue_00' with pid 118
2025-04-21 08:16:07,642 WARN exited: laravel-queue_00 (exit status 1; not expected)
2025-04-21 08:16:09,649 INFO spawned: 'laravel-queue_00' with pid 123
2025-04-21 08:16:10,516 WARN exited: laravel-queue_00 (exit status 1; not expected)
2025-04-21 08:16:13,525 INFO spawned: 'laravel-queue_00' with pid 128
2025-04-21 08:16:14,362 WARN exited: laravel-queue_00 (exit status 1; not expected)
2025-04-21 08:16:15,365 INFO gave up: laravel-queue_00 entered FATAL state, too many start retries too quickly
2025-04-21 08:17:08,273 INFO Set uid to user 33 succeeded
2025-04-21 08:17:08,277 INFO supervisord started with pid 72
2025-04-21 08:17:09,281 INFO spawned: 'php8-fpm' with pid 73
2025-04-21 08:17:09,284 INFO spawned: 'laravel-schedule_00' with pid 74
2025-04-21 08:17:09,287 INFO spawned: 'laravel-queue_00' with pid 75
2025-04-21 08:17:10,336 INFO success: php8-fpm entered RUNNING state, process has stayed up for > than 1 seconds (startsecs)
2025-04-21 08:17:10,336 INFO success: laravel-schedule_00 entered RUNNING state, process has stayed up for > than 1 seconds (startsecs)
2025-04-21 08:17:10,337 INFO success: laravel-queue_00 entered RUNNING state, process has stayed up for > than 1 seconds (startsecs)
2025-04-21 08:17:10,471 WARN exited: laravel-queue_00 (exit status 1; not expected)
2025-04-21 08:17:11,478 INFO spawned: 'laravel-queue_00' with pid 84
2025-04-21 08:17:12,482 INFO success: laravel-queue_00 entered RUNNING state, process has stayed up for > than 1 seconds (startsecs)
2025-04-21 08:17:12,671 WARN exited: laravel-queue_00 (exit status 1; not expected)
2025-04-21 08:17:13,676 INFO spawned: 'laravel-queue_00' with pid 89
2025-04-21 08:17:14,530 WARN exited: laravel-queue_00 (exit status 1; not expected)
2025-04-21 08:17:15,534 INFO spawned: 'laravel-queue_00' with pid 94
2025-04-21 08:17:16,472 WARN exited: laravel-queue_00 (exit status 1; not expected)
2025-04-21 08:17:18,479 INFO spawned: 'laravel-queue_00' with pid 99
2025-04-21 08:17:19,302 WARN exited: laravel-queue_00 (exit status 1; not expected)
2025-04-21 08:17:22,313 INFO spawned: 'laravel-queue_00' with pid 104
2025-04-21 08:17:23,097 WARN exited: laravel-queue_00 (exit status 1; not expected)
2025-04-21 08:17:24,099 INFO gave up: laravel-queue_00 entered FATAL state, too many start retries too quickly
2025-04-21 08:22:58,487 INFO Set uid to user 33 succeeded
2025-04-21 08:22:58,492 INFO supervisord started with pid 72
2025-04-21 08:22:59,498 INFO spawned: 'php8-fpm' with pid 73
2025-04-21 08:22:59,508 INFO spawned: 'laravel-schedule_00' with pid 74
2025-04-21 08:22:59,514 INFO spawned: 'laravel-queue_00' with pid 75
2025-04-21 08:23:00,452 WARN exited: laravel-queue_00 (exit status 1; not expected)
2025-04-21 08:23:01,348 INFO success: php8-fpm entered RUNNING state, process has stayed up for > than 1 seconds (startsecs)
2025-04-21 08:23:01,349 INFO success: laravel-schedule_00 entered RUNNING state, process has stayed up for > than 1 seconds (startsecs)
2025-04-21 08:23:02,352 INFO spawned: 'laravel-queue_00' with pid 88
2025-04-21 08:23:03,356 INFO success: laravel-queue_00 entered RUNNING state, process has stayed up for > than 1 seconds (startsecs)
2025-04-21 08:23:03,502 WARN exited: laravel-queue_00 (exit status 1; not expected)
2025-04-21 08:23:04,507 INFO spawned: 'laravel-queue_00' with pid 93
2025-04-21 08:23:05,342 WARN exited: laravel-queue_00 (exit status 1; not expected)
2025-04-21 08:23:06,348 INFO spawned: 'laravel-queue_00' with pid 98
2025-04-21 08:23:07,170 WARN exited: laravel-queue_00 (exit status 1; not expected)
2025-04-21 08:23:09,178 INFO spawned: 'laravel-queue_00' with pid 103
2025-04-21 08:23:10,063 WARN exited: laravel-queue_00 (exit status 1; not expected)
2025-04-21 08:23:13,072 INFO spawned: 'laravel-queue_00' with pid 108
2025-04-21 08:23:13,954 WARN exited: laravel-queue_00 (exit status 1; not expected)
2025-04-21 08:23:14,956 INFO gave up: laravel-queue_00 entered FATAL state, too many start retries too quickly
2025-04-21 08:29:29,609 INFO Set uid to user 33 succeeded
2025-04-21 08:29:29,614 INFO supervisord started with pid 72
2025-04-21 08:29:30,618 INFO spawned: 'php8-fpm' with pid 73
2025-04-21 08:29:30,622 INFO spawned: 'laravel-schedule_00' with pid 74
2025-04-21 08:29:30,628 INFO spawned: 'laravel-queue_00' with pid 75
2025-04-21 08:29:31,630 INFO success: php8-fpm entered RUNNING state, process has stayed up for > than 1 seconds (startsecs)
2025-04-21 08:29:31,631 INFO success: laravel-schedule_00 entered RUNNING state, process has stayed up for > than 1 seconds (startsecs)
2025-04-21 08:29:31,631 INFO success: laravel-queue_00 entered RUNNING state, process has stayed up for > than 1 seconds (startsecs)
2025-04-21 08:29:31,638 WARN exited: laravel-queue_00 (exit status 1; not expected)
2025-04-21 08:29:32,645 INFO spawned: 'laravel-queue_00' with pid 84
2025-04-21 08:29:33,694 INFO success: laravel-queue_00 entered RUNNING state, process has stayed up for > than 1 seconds (startsecs)
2025-04-21 08:29:34,182 WARN exited: laravel-queue_00 (exit status 1; not expected)
2025-04-21 08:29:35,189 INFO spawned: 'laravel-queue_00' with pid 89
2025-04-21 08:29:36,055 WARN exited: laravel-queue_00 (exit status 1; not expected)
2025-04-21 08:29:37,059 INFO spawned: 'laravel-queue_00' with pid 94
2025-04-21 08:29:38,011 WARN exited: laravel-queue_00 (exit status 1; not expected)
2025-04-21 08:29:40,018 INFO spawned: 'laravel-queue_00' with pid 99
2025-04-21 08:29:41,021 INFO success: laravel-queue_00 entered RUNNING state, process has stayed up for > than 1 seconds (startsecs)
2025-04-21 08:29:41,077 WARN exited: laravel-queue_00 (exit status 1; not expected)
2025-04-21 08:29:42,083 INFO spawned: 'laravel-queue_00' with pid 104
2025-04-21 08:29:42,965 WARN exited: laravel-queue_00 (exit status 1; not expected)
2025-04-21 08:29:43,972 INFO spawned: 'laravel-queue_00' with pid 109
2025-04-21 08:29:44,950 WARN exited: laravel-queue_00 (exit status 1; not expected)
2025-04-21 08:29:46,957 INFO spawned: 'laravel-queue_00' with pid 114
2025-04-21 08:29:47,961 INFO success: laravel-queue_00 entered RUNNING state, process has stayed up for > than 1 seconds (startsecs)
2025-04-21 08:29:47,990 WARN exited: laravel-queue_00 (exit status 1; not expected)
2025-04-21 08:29:48,995 INFO spawned: 'laravel-queue_00' with pid 119
2025-04-21 08:29:49,999 INFO success: laravel-queue_00 entered RUNNING state, process has stayed up for > than 1 seconds (startsecs)
2025-04-21 08:29:50,223 WARN exited: laravel-queue_00 (exit status 1; not expected)
2025-04-21 08:29:51,229 INFO spawned: 'laravel-queue_00' with pid 124
2025-04-21 08:29:52,184 WARN exited: laravel-queue_00 (exit status 1; not expected)
2025-04-21 08:29:53,188 INFO spawned: 'laravel-queue_00' with pid 129
2025-04-21 08:29:54,161 WARN exited: laravel-queue_00 (exit status 1; not expected)
2025-04-21 08:29:56,167 INFO spawned: 'laravel-queue_00' with pid 134
2025-04-21 08:29:57,180 INFO success: laravel-queue_00 entered RUNNING state, process has stayed up for > than 1 seconds (startsecs)
2025-04-21 08:29:57,198 WARN exited: laravel-queue_00 (exit status 1; not expected)
2025-04-21 08:29:58,203 INFO spawned: 'laravel-queue_00' with pid 139
2025-04-21 08:29:58,921 WARN exited: laravel-queue_00 (exit status 1; not expected)
2025-04-21 08:31:32,616 INFO Set uid to user 33 succeeded
2025-04-21 08:31:32,624 INFO supervisord started with pid 72
2025-04-21 08:31:33,628 INFO spawned: 'php8-fpm' with pid 73
2025-04-21 08:31:33,633 INFO spawned: 'laravel-schedule_00' with pid 74
2025-04-21 08:31:33,637 INFO spawned: 'laravel-queue_00' with pid 75
2025-04-21 08:31:34,549 WARN exited: laravel-queue_00 (exit status 1; not expected)
2025-04-21 08:31:35,551 INFO success: php8-fpm entered RUNNING state, process has stayed up for > than 1 seconds (startsecs)
2025-04-21 08:31:35,552 INFO success: laravel-schedule_00 entered RUNNING state, process has stayed up for > than 1 seconds (startsecs)
2025-04-21 08:31:35,555 INFO spawned: 'laravel-queue_00' with pid 84
2025-04-21 08:31:36,361 WARN exited: laravel-queue_00 (exit status 1; not expected)
2025-04-21 08:31:38,369 INFO spawned: 'laravel-queue_00' with pid 89
2025-04-21 08:31:39,125 WARN exited: laravel-queue_00 (exit status 1; not expected)
2025-04-21 08:31:42,136 INFO spawned: 'laravel-queue_00' with pid 94
2025-04-21 08:31:42,745 WARN exited: laravel-queue_00 (exit status 1; not expected)
2025-04-21 08:31:43,747 INFO gave up: laravel-queue_00 entered FATAL state, too many start retries too quickly
2025-04-21 08:41:57,470 INFO Set uid to user 33 succeeded
2025-04-21 08:41:57,476 INFO supervisord started with pid 72
2025-04-21 08:41:58,481 INFO spawned: 'php8-fpm' with pid 73
2025-04-21 08:41:58,487 INFO spawned: 'laravel-schedule_00' with pid 74
2025-04-21 08:41:58,492 INFO spawned: 'laravel-queue_00' with pid 75
2025-04-21 08:41:59,483 INFO success: php8-fpm entered RUNNING state, process has stayed up for > than 1 seconds (startsecs)
2025-04-21 08:41:59,484 INFO success: laravel-schedule_00 entered RUNNING state, process has stayed up for > than 1 seconds (startsecs)
2025-04-21 08:41:59,494 INFO success: laravel-queue_00 entered RUNNING state, process has stayed up for > than 1 seconds (startsecs)
2025-04-21 08:41:59,495 WARN exited: laravel-queue_00 (exit status 1; not expected)
2025-04-21 08:42:00,499 INFO spawned: 'laravel-queue_00' with pid 86
2025-04-21 08:42:02,219 INFO success: laravel-queue_00 entered RUNNING state, process has stayed up for > than 1 seconds (startsecs)
2025-04-21 08:42:02,233 WARN exited: laravel-queue_00 (exit status 1; not expected)
2025-04-21 08:42:03,239 INFO spawned: 'laravel-queue_00' with pid 93
2025-04-21 08:42:04,241 INFO success: laravel-queue_00 entered RUNNING state, process has stayed up for > than 1 seconds (startsecs)
2025-04-21 08:42:04,301 WARN exited: laravel-queue_00 (exit status 1; not expected)
2025-04-21 08:42:05,307 INFO spawned: 'laravel-queue_00' with pid 98
2025-04-21 08:42:06,106 WARN exited: laravel-queue_00 (exit status 1; not expected)
2025-04-21 08:42:07,112 INFO spawned: 'laravel-queue_00' with pid 103
2025-04-21 08:42:07,966 WARN exited: laravel-queue_00 (exit status 1; not expected)
2025-04-21 08:42:09,976 INFO spawned: 'laravel-queue_00' with pid 108
2025-04-21 08:42:10,806 WARN exited: laravel-queue_00 (exit status 1; not expected)
2025-04-21 08:42:13,814 INFO spawned: 'laravel-queue_00' with pid 113
2025-04-21 08:42:14,813 INFO success: laravel-queue_00 entered RUNNING state, process has stayed up for > than 1 seconds (startsecs)
2025-04-21 08:42:14,821 WARN exited: laravel-queue_00 (exit status 1; not expected)
2025-04-21 08:42:15,826 INFO spawned: 'laravel-queue_00' with pid 118
2025-04-21 08:42:16,829 INFO success: laravel-queue_00 entered RUNNING state, process has stayed up for > than 1 seconds (startsecs)
2025-04-21 08:42:17,345 WARN exited: laravel-queue_00 (exit status 1; not expected)
2025-04-21 08:42:18,350 INFO spawned: 'laravel-queue_00' with pid 123
2025-04-21 08:42:19,274 WARN exited: laravel-queue_00 (exit status 1; not expected)
2025-04-21 08:42:20,278 INFO spawned: 'laravel-queue_00' with pid 128
2025-04-21 08:42:21,282 INFO success: laravel-queue_00 entered RUNNING state, process has stayed up for > than 1 seconds (startsecs)
2025-04-21 08:42:21,561 WARN exited: laravel-queue_00 (exit status 1; not expected)
2025-04-21 08:42:22,565 INFO spawned: 'laravel-queue_00' with pid 133
2025-04-21 08:42:23,476 WARN exited: laravel-queue_00 (exit status 1; not expected)
2025-04-21 08:42:24,480 INFO spawned: 'laravel-queue_00' with pid 138
2025-04-21 08:42:25,485 INFO success: laravel-queue_00 entered RUNNING state, process has stayed up for > than 1 seconds (startsecs)
2025-04-21 08:42:26,604 WARN exited: laravel-queue_00 (exit status 1; not expected)
2025-04-21 08:42:27,612 INFO spawned: 'laravel-queue_00' with pid 143
2025-04-21 08:42:28,587 WARN exited: laravel-queue_00 (exit status 1; not expected)
2025-04-21 08:42:29,593 INFO spawned: 'laravel-queue_00' with pid 148
2025-04-21 08:42:30,527 WARN exited: laravel-queue_00 (exit status 1; not expected)
2025-04-21 08:42:32,536 INFO spawned: 'laravel-queue_00' with pid 153
2025-04-21 08:42:33,423 WARN exited: laravel-queue_00 (exit status 1; not expected)
2025-04-21 08:42:36,432 INFO spawned: 'laravel-queue_00' with pid 158
2025-04-21 08:42:37,434 INFO success: laravel-queue_00 entered RUNNING state, process has stayed up for > than 1 seconds (startsecs)
2025-04-21 08:42:37,605 WARN exited: laravel-queue_00 (exit status 1; not expected)
2025-04-21 08:42:38,611 INFO spawned: 'laravel-queue_00' with pid 163
2025-04-21 08:42:39,520 WARN exited: laravel-queue_00 (exit status 1; not expected)
2025-04-21 08:42:40,526 INFO spawned: 'laravel-queue_00' with pid 168
2025-04-21 08:42:41,333 WARN exited: laravel-queue_00 (exit status 1; not expected)
2025-04-21 08:42:43,340 INFO spawned: 'laravel-queue_00' with pid 173
2025-04-21 08:42:44,343 INFO success: laravel-queue_00 entered RUNNING state, process has stayed up for > than 1 seconds (startsecs)
2025-04-21 08:42:44,979 WARN exited: laravel-queue_00 (exit status 1; not expected)
2025-04-21 08:42:45,986 INFO spawned: 'laravel-queue_00' with pid 178
2025-04-21 08:42:46,992 INFO success: laravel-queue_00 entered RUNNING state, process has stayed up for > than 1 seconds (startsecs)
2025-04-21 08:42:47,098 WARN exited: laravel-queue_00 (exit status 1; not expected)
2025-04-21 08:42:48,106 INFO spawned: 'laravel-queue_00' with pid 183
2025-04-21 08:42:48,972 WARN exited: laravel-queue_00 (exit status 1; not expected)
2025-04-21 08:42:49,976 INFO spawned: 'laravel-queue_00' with pid 188
2025-04-21 08:42:50,975 INFO success: laravel-queue_00 entered RUNNING state, process has stayed up for > than 1 seconds (startsecs)
2025-04-21 08:42:50,982 WARN exited: laravel-queue_00 (exit status 1; not expected)
2025-04-21 08:42:51,987 INFO spawned: 'laravel-queue_00' with pid 193
2025-04-21 08:42:52,979 WARN exited: laravel-queue_00 (exit status 1; not expected)
2025-04-21 08:42:53,982 INFO spawned: 'laravel-queue_00' with pid 198
2025-04-21 08:42:54,878 WARN exited: laravel-queue_00 (exit status 1; not expected)
2025-04-21 08:42:57,193 INFO spawned: 'laravel-queue_00' with pid 203
2025-04-21 08:42:58,199 INFO success: laravel-queue_00 entered RUNNING state, process has stayed up for > than 1 seconds (startsecs)
2025-04-21 08:42:58,275 WARN exited: laravel-queue_00 (exit status 1; not expected)
2025-04-21 08:42:59,281 INFO spawned: 'laravel-queue_00' with pid 208
2025-04-21 08:43:00,285 INFO success: laravel-queue_00 entered RUNNING state, process has stayed up for > than 1 seconds (startsecs)
2025-04-21 08:43:00,404 WARN exited: laravel-queue_00 (exit status 1; not expected)
2025-04-21 08:43:01,112 INFO spawned: 'laravel-queue_00' with pid 217
2025-04-21 08:43:02,055 WARN exited: laravel-queue_00 (exit status 1; not expected)
2025-04-21 08:43:03,059 INFO spawned: 'laravel-queue_00' with pid 222
2025-04-21 08:43:04,039 WARN exited: laravel-queue_00 (exit status 1; not expected)
2025-04-21 08:43:06,044 INFO spawned: 'laravel-queue_00' with pid 227
2025-04-21 08:43:06,898 WARN exited: laravel-queue_00 (exit status 1; not expected)
2025-04-21 08:43:09,924 INFO spawned: 'laravel-queue_00' with pid 232
2025-04-21 08:43:10,535 WARN exited: laravel-queue_00 (exit status 1; not expected)
2025-04-21 08:43:11,537 INFO gave up: laravel-queue_00 entered FATAL state, too many start retries too quickly
2025-04-21 09:26:18,468 INFO Set uid to user 33 succeeded
2025-04-21 09:26:18,475 INFO supervisord started with pid 72
2025-04-21 09:26:19,479 INFO spawned: 'php8-fpm' with pid 73
2025-04-21 09:26:19,482 INFO spawned: 'laravel-schedule_00' with pid 74
2025-04-21 09:26:19,485 INFO spawned: 'laravel-queue_00' with pid 75
2025-04-21 09:26:21,454 INFO success: php8-fpm entered RUNNING state, process has stayed up for > than 1 seconds (startsecs)
2025-04-21 09:26:21,456 INFO success: laravel-schedule_00 entered RUNNING state, process has stayed up for > than 1 seconds (startsecs)
2025-04-21 09:26:21,457 INFO success: laravel-queue_00 entered RUNNING state, process has stayed up for > than 1 seconds (startsecs)
2025-04-21 10:38:40,750 INFO exited: laravel-queue_00 (exit status 0; expected)
2025-04-21 10:38:41,792 INFO spawned: 'laravel-queue_00' with pid 283
2025-04-21 10:38:42,795 INFO success: laravel-queue_00 entered RUNNING state, process has stayed up for > than 1 seconds (startsecs)
2025-04-21 11:42:20,017 INFO exited: laravel-queue_00 (exit status 0; expected)
2025-04-21 11:42:21,029 INFO spawned: 'laravel-queue_00' with pid 370
2025-04-21 11:42:22,766 INFO success: laravel-queue_00 entered RUNNING state, process has stayed up for > than 1 seconds (startsecs)
2025-04-21 12:42:25,396 INFO exited: laravel-queue_00 (exit status 0; expected)
2025-04-21 12:42:26,423 INFO spawned: 'laravel-queue_00' with pid 425
2025-04-21 12:42:27,427 INFO success: laravel-queue_00 entered RUNNING state, process has stayed up for > than 1 seconds (startsecs)
2025-04-21 13:42:28,344 INFO exited: laravel-queue_00 (exit status 0; expected)
2025-04-21 13:42:29,361 INFO spawned: 'laravel-queue_00' with pid 679
2025-04-21 13:42:30,365 INFO success: laravel-queue_00 entered RUNNING state, process has stayed up for > than 1 seconds (startsecs)
2025-04-21 14:51:10,511 INFO exited: laravel-queue_00 (exit status 0; expected)
2025-04-21 14:51:11,580 INFO spawned: 'laravel-queue_00' with pid 837
2025-04-21 14:51:12,585 INFO success: laravel-queue_00 entered RUNNING state, process has stayed up for > than 1 seconds (startsecs)
2025-04-21 15:53:23,407 INFO exited: laravel-queue_00 (exit status 0; expected)
2025-04-21 15:53:24,411 INFO spawned: 'laravel-queue_00' with pid 844
2025-04-21 15:53:25,414 INFO success: laravel-queue_00 entered RUNNING state, process has stayed up for > than 1 seconds (startsecs)
2025-04-21 16:53:28,161 INFO exited: laravel-queue_00 (exit status 0; expected)
2025-04-21 16:53:29,169 INFO spawned: 'laravel-queue_00' with pid 1006
2025-04-21 16:53:30,172 INFO success: laravel-queue_00 entered RUNNING state, process has stayed up for > than 1 seconds (startsecs)
2025-04-21 17:53:32,850 INFO exited: laravel-queue_00 (exit status 0; expected)
2025-04-21 17:53:33,868 INFO spawned: 'laravel-queue_00' with pid 1255
2025-04-21 17:53:34,876 INFO success: laravel-queue_00 entered RUNNING state, process has stayed up for > than 1 seconds (startsecs)
2025-04-21 19:39:56,414 INFO exited: laravel-queue_00 (exit status 0; expected)
2025-04-21 19:39:57,428 INFO spawned: 'laravel-queue_00' with pid 1298
2025-04-21 19:39:58,432 INFO success: laravel-queue_00 entered RUNNING state, process has stayed up for > than 1 seconds (startsecs)
2025-04-22 01:18:12,680 INFO exited: laravel-queue_00 (exit status 0; expected)
2025-04-22 01:18:13,687 INFO spawned: 'laravel-queue_00' with pid 1371
2025-04-22 01:18:14,693 INFO success: laravel-queue_00 entered RUNNING state, process has stayed up for > than 1 seconds (startsecs)
